WARNING: sun.reflect.Reflection.getCallerClass is not supported. This will impact performance.
Username : Thunder
Password : Gurme@123
Parent directory exists: false
File exists: false
Current permissions: [GROUP_EXECUTE, OWNER_READ, OWNER_WRITE, OTHERS_READ, OWNER_EXECUTE, GROUP_READ, OTHERS_EXECUTE]
Screenshot saved to: /app/Captcha_ScreenShot/captcha.png
Captcha solved: kigrw
Script run count: 1
Username : akashh3
Password : Dream@9556
Parent directory exists: true
File exists: true
Current permissions: [GROUP_EXECUTE, OWNER_READ, OWNER_WRITE, OTHERS_READ, OWNER_EXECUTE, GROUP_READ, OTHERS_EXECUTE]
Screenshot saved to: /app/Captcha_ScreenShot/captcha.png
Captcha solved: nfzhj
Downloaded file deleted successfully.
Downloaded file deleted successfully.
Downloaded file deleted successfully.
Downloaded file deleted successfully.
Downloaded file deleted successfully.
Script run count: 2
driver is close
Username : Thunder
Password : Gurme@123
Parent directory exists: true
File exists: true
Current permissions: [GROUP_EXECUTE, OWNER_READ, OWNER_WRITE, OTHERS_READ, OWNER_EXECUTE, GROUP_READ, OTHERS_EXECUTE]
Screenshot saved to: /app/Captcha_ScreenShot/captcha.png
Captcha solved: adczy
Downloaded file deleted successfully.
Downloaded file deleted successfully.
Downloaded file deleted successfully.
Downloaded file deleted successfully.
Downloaded file deleted successfully.
Script run count: 3
driver is close
Username : akashh3
Password : Dream@9556
Parent directory exists: true
File exists: true
Current permissions: [GROUP_EXECUTE, OWNER_READ, OWNER_WRITE, OTHERS_READ, OWNER_EXECUTE, GROUP_READ, OTHERS_EXECUTE]
Screenshot saved to: /app/Captcha_ScreenShot/captcha.png
Captcha solved: sjbyh
Downloaded file deleted successfully.
Downloaded file deleted successfully.
Downloaded file deleted successfully.
Downloaded file deleted successfully.
Downloaded file deleted successfully.
Script run count: 4
driver is close
Username : Thunder
Password : Gurme@123
Parent directory exists: true
File exists: true
Current permissions: [GROUP_EXECUTE, OWNER_READ, OWNER_WRITE, OTHERS_READ, OWNER_EXECUTE, GROUP_READ, OTHERS_EXECUTE]
Screenshot saved to: /app/Captcha_ScreenShot/captcha.png
Captcha solved: scaaz
Downloaded file deleted successfully.
Downloaded file deleted successfully.
Downloaded file deleted successfully.
Downloaded file deleted successfully.
Downloaded file deleted successfully.
Script run count: 5
driver is close
Username : akashh3
Password : Dream@9556
Parent directory exists: true
File exists: true
Current permissions: [GROUP_EXECUTE, OWNER_READ, OWNER_WRITE, OTHERS_READ, OWNER_EXECUTE, GROUP_READ, OTHERS_EXECUTE]
Screenshot saved to: /app/Captcha_ScreenShot/captcha.png
Captcha solved: pacpe
Downloaded file deleted successfully.
Downloaded file deleted successfully.
Downloaded file deleted successfully.
Downloaded file deleted successfully.
Downloaded file deleted successfully.
Script run count: 6
driver is close
Username : Thunder
Password : Gurme@123
Parent directory exists: true
File exists: true
Current permissions: [GROUP_EXECUTE, OWNER_READ, OWNER_WRITE, OTHERS_READ, OWNER_EXECUTE, GROUP_READ, OTHERS_EXECUTE]
Screenshot saved to: /app/Captcha_ScreenShot/captcha.png
Captcha solved: rnpmw
Downloaded file deleted successfully.
Downloaded file deleted successfully.
Downloaded file deleted successfully.
Downloaded file deleted successfully.
Downloaded file deleted successfully.
Script run count: 7
driver is close
Username : akashh3
Password : Dream@9556
Parent directory exists: true
File exists: true
Current permissions: [GROUP_EXECUTE, OWNER_READ, OWNER_WRITE, OTHERS_READ, OWNER_EXECUTE, GROUP_READ, OTHERS_EXECUTE]
Screenshot saved to: /app/Captcha_ScreenShot/captcha.png
Captcha solved: wuuee
Downloaded file deleted successfully.
Downloaded file deleted successfully.
Downloaded file deleted successfully.
Script run count: 8
Username : Thunder
Password : Gurme@123
Parent directory exists: true
File exists: true
Current permissions: [GROUP_EXECUTE, OWNER_READ, OWNER_WRITE, OTHERS_READ, OWNER_EXECUTE, GROUP_READ, OTHERS_EXECUTE]
Screenshot saved to: /app/Captcha_ScreenShot/captcha.png
Captcha solved: ufidc
Downloaded file deleted successfully.
Downloaded file deleted successfully.
Downloaded file deleted successfully.
Downloaded file deleted successfully.
Downloaded file deleted successfully.
Script run count: 9
Username : akashh3
Password : Dream@9556
Parent directory exists: true
File exists: true
Current permissions: [GROUP_EXECUTE, OWNER_READ, OWNER_WRITE, OTHERS_READ, OWNER_EXECUTE, GROUP_READ, OTHERS_EXECUTE]
Screenshot saved to: /app/Captcha_ScreenShot/captcha.png
Captcha solved: mirpr
Downloaded file deleted successfully.
Downloaded file deleted successfully.
Downloaded file deleted successfully.
Downloaded file deleted successfully.
Downloaded file deleted successfully.
Script run count: 10
driver is close
Username : Thunder
Password : Gurme@123
Parent directory exists: true
File exists: true
Current permissions: [GROUP_EXECUTE, OWNER_READ, OWNER_WRITE, OTHERS_READ, OWNER_EXECUTE, GROUP_READ, OTHERS_EXECUTE]
Screenshot saved to: /app/Captcha_ScreenShot/captcha.png
Captcha solved: shfvu
Downloaded file deleted successfully.
Downloaded file deleted successfully.
Downloaded file deleted successfully.
Downloaded file deleted successfully.
Downloaded file deleted successfully.
Script run count: 11
driver is close
Username : akashh3
Password : Dream@9556
Parent directory exists: true
File exists: true
Current permissions: [GROUP_EXECUTE, OWNER_READ, OWNER_WRITE, OTHERS_READ, OWNER_EXECUTE, GROUP_READ, OTHERS_EXECUTE]
Screenshot saved to: /app/Captcha_ScreenShot/captcha.png
Captcha solved: ncgfg
Downloaded file deleted successfully.
Downloaded file deleted successfully.
Downloaded file deleted successfully.
Downloaded file deleted successfully.
Downloaded file deleted successfully.
Script run count: 12
Username : Thunder
Password : Gurme@123
Parent directory exists: true
File exists: true
Current permissions: [GROUP_EXECUTE, OWNER_READ, OWNER_WRITE, OTHERS_READ, OWNER_EXECUTE, GROUP_READ, OTHERS_EXECUTE]
Screenshot saved to: /app/Captcha_ScreenShot/captcha.png
Captcha solved: lurlr
Downloaded file deleted successfully.
Downloaded file deleted successfully.
Downloaded file deleted successfully.
Downloaded file deleted successfully.
Downloaded file deleted successfully.
Script run count: 13
Username : akashh3
Password : Dream@9556
Parent directory exists: true
File exists: true
Current permissions: [GROUP_EXECUTE, OWNER_READ, OWNER_WRITE, OTHERS_READ, OWNER_EXECUTE, GROUP_READ, OTHERS_EXECUTE]
Screenshot saved to: /app/Captcha_ScreenShot/captcha.png
Captcha solved: pneic
Downloaded file deleted successfully.
Downloaded file deleted successfully.
Downloaded file deleted successfully.
Downloaded file deleted successfully.
Downloaded file deleted successfully.
Script run count: 14
driver is close
Username : Thunder
Password : Gurme@123
Parent directory exists: true
File exists: true
Current permissions: [GROUP_EXECUTE, OWNER_READ, OWNER_WRITE, OTHERS_READ, OWNER_EXECUTE, GROUP_READ, OTHERS_EXECUTE]
Screenshot saved to: /app/Captcha_ScreenShot/captcha.png
Captcha solved: neiat
Downloaded file deleted successfully.
Downloaded file deleted successfully.
Downloaded file deleted successfully.
Script run count: 15
Username : akashh3
Password : Dream@9556
Parent directory exists: true
File exists: true
Current permissions: [GROUP_EXECUTE, OWNER_READ, OWNER_WRITE, OTHERS_READ, OWNER_EXECUTE, GROUP_READ, OTHERS_EXECUTE]
Screenshot saved to: /app/Captcha_ScreenShot/captcha.png
Captcha solved: fzjve
Downloaded file deleted successfully.
Downloaded file deleted successfully.
Downloaded file deleted successfully.
Script run count: 16
Username : Thunder
Password : Gurme@123
Parent directory exists: true
File exists: true
Current permissions: [GROUP_EXECUTE, OWNER_READ, OWNER_WRITE, OTHERS_READ, OWNER_EXECUTE, GROUP_READ, OTHERS_EXECUTE]
Screenshot saved to: /app/Captcha_ScreenShot/captcha.png
Captcha solved: lekmd
Downloaded file deleted successfully.
Downloaded file deleted successfully.
Downloaded file deleted successfully.
Script run count: 17
Username : akashh3
Password : Dream@9556
Parent directory exists: true
File exists: true
Current permissions: [GROUP_EXECUTE, OWNER_READ, OWNER_WRITE, OTHERS_READ, OWNER_EXECUTE, GROUP_READ, OTHERS_EXECUTE]
Screenshot saved to: /app/Captcha_ScreenShot/captcha.png
Captcha solved: pekgr
Downloaded file deleted successfully.
Downloaded file deleted successfully.
Downloaded file deleted successfully.
Downloaded file deleted successfully.
Downloaded file deleted successfully.
Script run count: 18
driver is close
Username : Thunder
Password : Gurme@123
Parent directory exists: true
File exists: true
Current permissions: [GROUP_EXECUTE, OWNER_READ, OWNER_WRITE, OTHERS_READ, OWNER_EXECUTE, GROUP_READ, OTHERS_EXECUTE]
Screenshot saved to: /app/Captcha_ScreenShot/captcha.png
Captcha solved: ecubq
Downloaded file deleted successfully.
Downloaded file deleted successfully.
Downloaded file deleted successfully.
Downloaded file deleted successfully.
Downloaded file deleted successfully.
Script run count: 19
driver is close
Username : akashh3
Password : Dream@9556
Parent directory exists: true
File exists: true
Current permissions: [GROUP_EXECUTE, OWNER_READ, OWNER_WRITE, OTHERS_READ, OWNER_EXECUTE, GROUP_READ, OTHERS_EXECUTE]
Screenshot saved to: /app/Captcha_ScreenShot/captcha.png
Captcha solved: ppnzv
Downloaded file deleted successfully.
Downloaded file deleted successfully.
Downloaded file deleted successfully.
Downloaded file deleted successfully.
Downloaded file deleted successfully.
Script run count: 20
driver is close
Username : Thunder
Password : Gurme@123
Parent directory exists: true
File exists: true
Current permissions: [GROUP_EXECUTE, OWNER_READ, OWNER_WRITE, OTHERS_READ, OWNER_EXECUTE, GROUP_READ, OTHERS_EXECUTE]
Screenshot saved to: /app/Captcha_ScreenShot/captcha.png
Captcha solved: qwqis
Downloaded file deleted successfully.
Downloaded file deleted successfully.
Downloaded file deleted successfully.
Downloaded file deleted successfully.
Downloaded file deleted successfully.
Script run count: 21
driver is close
Username : akashh3
Password : Dream@9556
Parent directory exists: true
File exists: true
Current permissions: [GROUP_EXECUTE, OWNER_READ, OWNER_WRITE, OTHERS_READ, OWNER_EXECUTE, GROUP_READ, OTHERS_EXECUTE]
Screenshot saved to: /app/Captcha_ScreenShot/captcha.png
Captcha solved: UUNIY
Downloaded file deleted successfully.
Downloaded file deleted successfully.
Downloaded file deleted successfully.
Downloaded file deleted successfully.
Downloaded file deleted successfully.
Script run count: 22
driver is close
Username : Thunder
Password : Gurme@123
Parent directory exists: true
File exists: true
Current permissions: [GROUP_EXECUTE, OWNER_READ, OWNER_WRITE, OTHERS_READ, OWNER_EXECUTE, GROUP_READ, OTHERS_EXECUTE]
Screenshot saved to: /app/Captcha_ScreenShot/captcha.png
Captcha solved: cqali
Downloaded file deleted successfully.
Downloaded file deleted successfully.
Downloaded file deleted successfully.
Downloaded file deleted successfully.
Downloaded file deleted successfully.
Script run count: 23
driver is close
Username : akashh3
Password : Dream@9556
Parent directory exists: true
File exists: true
Current permissions: [GROUP_EXECUTE, OWNER_READ, OWNER_WRITE, OTHERS_READ, OWNER_EXECUTE, GROUP_READ, OTHERS_EXECUTE]
Screenshot saved to: /app/Captcha_ScreenShot/captcha.png
Captcha solved: awcvy
Downloaded file deleted successfully.
Downloaded file deleted successfully.
Downloaded file deleted successfully.
Downloaded file deleted successfully.
Downloaded file deleted successfully.
Script run count: 24
driver is close
Username : Thunder
Password : Gurme@123
Parent directory exists: true
File exists: true
Current permissions: [GROUP_EXECUTE, OWNER_READ, OWNER_WRITE, OTHERS_READ, OWNER_EXECUTE, GROUP_READ, OTHERS_EXECUTE]
Screenshot saved to: /app/Captcha_ScreenShot/captcha.png
Captcha solved: ywylf
Downloaded file deleted successfully.
Downloaded file deleted successfully.
Downloaded file deleted successfully.
Downloaded file deleted successfully.
Downloaded file deleted successfully.
Script run count: 25
driver is close
Username : akashh3
Password : Dream@9556
Parent directory exists: true
File exists: true
Current permissions: [GROUP_EXECUTE, OWNER_READ, OWNER_WRITE, OTHERS_READ, OWNER_EXECUTE, GROUP_READ, OTHERS_EXECUTE]
Screenshot saved to: /app/Captcha_ScreenShot/captcha.png
Captcha solved: qgktl
Downloaded file deleted successfully.
Downloaded file deleted successfully.
Downloaded file deleted successfully.
Downloaded file deleted successfully.
Downloaded file deleted successfully.
Script run count: 26
driver is close
Username : Thunder
Password : Gurme@123
Parent directory exists: true
File exists: true
Current permissions: [GROUP_EXECUTE, OWNER_READ, OWNER_WRITE, OTHERS_READ, OWNER_EXECUTE, GROUP_READ, OTHERS_EXECUTE]
Screenshot saved to: /app/Captcha_ScreenShot/captcha.png
Captcha solved: uawqm
Downloaded file deleted successfully.
Downloaded file deleted successfully.
Downloaded file deleted successfully.
Downloaded file deleted successfully.
Downloaded file deleted successfully.
Script run count: 27
driver is close
Username : akashh3
Password : Dream@9556
Parent directory exists: true
File exists: true
Current permissions: [GROUP_EXECUTE, OWNER_READ, OWNER_WRITE, OTHERS_READ, OWNER_EXECUTE, GROUP_READ, OTHERS_EXECUTE]
Screenshot saved to: /app/Captcha_ScreenShot/captcha.png
Captcha solved: jzkqf
Downloaded file deleted successfully.
Downloaded file deleted successfully.
Downloaded file deleted successfully.
Downloaded file deleted successfully.
Downloaded file deleted successfully.
Script run count: 28
driver is close
Username : Thunder
Password : Gurme@123
Parent directory exists: true
File exists: true
Current permissions: [GROUP_EXECUTE, OWNER_READ, OWNER_WRITE, OTHERS_READ, OWNER_EXECUTE, GROUP_READ, OTHERS_EXECUTE]
Screenshot saved to: /app/Captcha_ScreenShot/captcha.png
Captcha solved: bdkdn
Downloaded file deleted successfully.
Downloaded file deleted successfully.
Downloaded file deleted successfully.
Downloaded file deleted successfully.
Downloaded file deleted successfully.
Script run count: 29
driver is close
Username : akashh3
Password : Dream@9556
Parent directory exists: true
File exists: true
Current permissions: [GROUP_EXECUTE, OWNER_READ, OWNER_WRITE, OTHERS_READ, OWNER_EXECUTE, GROUP_READ, OTHERS_EXECUTE]
Screenshot saved to: /app/Captcha_ScreenShot/captcha.png
Captcha solved: bcbbb
Downloaded file deleted successfully.
Downloaded file deleted successfully.
Downloaded file deleted successfully.
Downloaded file deleted successfully.
Downloaded file deleted successfully.
Script run count: 30
driver is close
Username : Thunder
Password : Gurme@123
Parent directory exists: true
File exists: true
Current permissions: [GROUP_EXECUTE, OWNER_READ, OWNER_WRITE, OTHERS_READ, OWNER_EXECUTE, GROUP_READ, OTHERS_EXECUTE]
Screenshot saved to: /app/Captcha_ScreenShot/captcha.png
Captcha solved: ujqhd
Downloaded file deleted successfully.
Downloaded file deleted successfully.
Downloaded file deleted successfully.
Downloaded file deleted successfully.
Downloaded file deleted successfully.
Script run count: 31
driver is close
Username : akashh3
Password : Dream@9556
Parent directory exists: true
File exists: true
Current permissions: [GROUP_EXECUTE, OWNER_READ, OWNER_WRITE, OTHERS_READ, OWNER_EXECUTE, GROUP_READ, OTHERS_EXECUTE]
Screenshot saved to: /app/Captcha_ScreenShot/captcha.png
Captcha solved: tdlkk
Downloaded file deleted successfully.
Downloaded file deleted successfully.
Downloaded file deleted successfully.
Downloaded file deleted successfully.
Downloaded file deleted successfully.
Script run count: 32
driver is close
Username : Thunder
Password : Gurme@123
Parent directory exists: true
File exists: true
Current permissions: [GROUP_EXECUTE, OWNER_READ, OWNER_WRITE, OTHERS_READ, OWNER_EXECUTE, GROUP_READ, OTHERS_EXECUTE]
Screenshot saved to: /app/Captcha_ScreenShot/captcha.png
Captcha solved: grbhw
Downloaded file deleted successfully.
Downloaded file deleted successfully.
Downloaded file deleted successfully.
Downloaded file deleted successfully.
Downloaded file deleted successfully.
Script run count: 33
driver is close
Username : akashh3
Password : Dream@9556
Parent directory exists: true
File exists: true
Current permissions: [GROUP_EXECUTE, OWNER_READ, OWNER_WRITE, OTHERS_READ, OWNER_EXECUTE, GROUP_READ, OTHERS_EXECUTE]
Screenshot saved to: /app/Captcha_ScreenShot/captcha.png
Captcha solved: racum
Downloaded file deleted successfully.
Downloaded file deleted successfully.
Downloaded file deleted successfully.
Downloaded file deleted successfully.
Downloaded file deleted successfully.
Script run count: 34
driver is close
Username : Thunder
Password : Gurme@123
Parent directory exists: true
File exists: true
Current permissions: [GROUP_EXECUTE, OWNER_READ, OWNER_WRITE, OTHERS_READ, OWNER_EXECUTE, GROUP_READ, OTHERS_EXECUTE]
Screenshot saved to: /app/Captcha_ScreenShot/captcha.png
Captcha solved: ruazk
Downloaded file deleted successfully.
Downloaded file deleted successfully.
Downloaded file deleted successfully.
Downloaded file deleted successfully.
Downloaded file deleted successfully.
Script run count: 35
driver is close
Username : akashh3
Password : Dream@9556
Parent directory exists: true
File exists: true
Current permissions: [GROUP_EXECUTE, OWNER_READ, OWNER_WRITE, OTHERS_READ, OWNER_EXECUTE, GROUP_READ, OTHERS_EXECUTE]
Screenshot saved to: /app/Captcha_ScreenShot/captcha.png
Captcha solved: zhrfw
Downloaded file deleted successfully.
Downloaded file deleted successfully.
Downloaded file deleted successfully.
Downloaded file deleted successfully.
Downloaded file deleted successfully.
Script run count: 36
driver is close
Username : Thunder
Password : Gurme@123
Parent directory exists: true
File exists: true
Current permissions: [GROUP_EXECUTE, OWNER_READ, OWNER_WRITE, OTHERS_READ, OWNER_EXECUTE, GROUP_READ, OTHERS_EXECUTE]
Screenshot saved to: /app/Captcha_ScreenShot/captcha.png
Captcha solved: vepsi
Downloaded file deleted successfully.
Downloaded file deleted successfully.
Downloaded file deleted successfully.
Downloaded file deleted successfully.
Downloaded file deleted successfully.
Script run count: 37
driver is close
Username : akashh3
Password : Dream@9556
Parent directory exists: true
File exists: true
Current permissions: [GROUP_EXECUTE, OWNER_READ, OWNER_WRITE, OTHERS_READ, OWNER_EXECUTE, GROUP_READ, OTHERS_EXECUTE]
Screenshot saved to: /app/Captcha_ScreenShot/captcha.png
Captcha solved: ilake
Downloaded file deleted successfully.
Downloaded file deleted successfully.
Downloaded file deleted successfully.
Downloaded file deleted successfully.
Downloaded file deleted successfully.
Script run count: 38
driver is close
Username : Thunder
Password : Gurme@123
Parent directory exists: true
File exists: true
Current permissions: [GROUP_EXECUTE, OWNER_READ, OWNER_WRITE, OTHERS_READ, OWNER_EXECUTE, GROUP_READ, OTHERS_EXECUTE]
Screenshot saved to: /app/Captcha_ScreenShot/captcha.png
Captcha solved: upnab
Downloaded file deleted successfully.
Downloaded file deleted successfully.
Downloaded file deleted successfully.
Downloaded file deleted successfully.
Downloaded file deleted successfully.
Script run count: 39
driver is close
Username : akashh3
Password : Dream@9556
Parent directory exists: true
File exists: true
Current permissions: [GROUP_EXECUTE, OWNER_READ, OWNER_WRITE, OTHERS_READ, OWNER_EXECUTE, GROUP_READ, OTHERS_EXECUTE]
Screenshot saved to: /app/Captcha_ScreenShot/captcha.png
Captcha solved: edshe
Downloaded file deleted successfully.
Downloaded file deleted successfully.
Downloaded file deleted successfully.
Downloaded file deleted successfully.
Downloaded file deleted successfully.
Script run count: 40
driver is close
Username : Thunder
Password : Gurme@123
Parent directory exists: true
File exists: true
Current permissions: [GROUP_EXECUTE, OWNER_READ, OWNER_WRITE, OTHERS_READ, OWNER_EXECUTE, GROUP_READ, OTHERS_EXECUTE]
Screenshot saved to: /app/Captcha_ScreenShot/captcha.png
Captcha solved: tupuu
Downloaded file deleted successfully.
Downloaded file deleted successfully.
Downloaded file deleted successfully.
Downloaded file deleted successfully.
Downloaded file deleted successfully.
Script run count: 41
driver is close
Username : akashh3
Password : Dream@9556
Parent directory exists: true
File exists: true
Current permissions: [GROUP_EXECUTE, OWNER_READ, OWNER_WRITE, OTHERS_READ, OWNER_EXECUTE, GROUP_READ, OTHERS_EXECUTE]
Screenshot saved to: /app/Captcha_ScreenShot/captcha.png
Captcha solved: kuppz
